<?xml version="1.0" encoding="UTF-8"?>
<!-- Generated by org.testng.reporters.JUnitXMLReporter -->
<testsuite ignored="0" hostname="User" failures="0" tests="5" name="Test" time="31.292" errors="0" timestamp="2024-04-24T10:02:07 IST">
  <testcase classname="UI_Automation_Test.test.automation.ui.UserRegistrationWithoutFillingMandatoryDetails" name="verifyRegisterUser" time="12.093"/>
  <testcase classname="UI_Automation_Test.test.automation.ui.EmailIdvalidation" name="validateEmailAddress" time="3.317"/>
  <testcase classname="UI_Automation_Test.test.automation.ui.VerifyingExistingUser" name="verifyExistingUser" time="7.19"/>
  <testcase classname="UI_Automation_Test.test.automation.ui.VerifyStateDropDownContainsDuplicateValues" name="verifyRegisterUser" time="4.395"/>
  <testcase classname="UI_Automation_Test.test.automation.ui.VerifyNextButtonEnabled" name="verifyNextButtonEnabled" time="3.046"/>
</testsuite> <!-- Test -->
